Oct 27 11:15:08 connect with data base (db_login.db)

Oct 27 11:15:08 we create a new two tables Department & users & data_operations & error
Oct 27 11:18:51 connect with data base (db_login.db)

Oct 27 11:18:51 we create a new two tables Department & users & data_operations & error
Oct 27 11:18:51 we open the file login_op.log

Oct 27 11:18:51 we open the file login_op.log and we read it

Oct 27 11:18:51 we finised extract the important data and the Errors.

Oct 27 11:18:52 we have error (' Invalid Department') in the time ('Oct 27 11:16:11 ')
Oct 27 11:18:52 we have error (' Invalid Department') in the time ('Oct 27 11:16:18 ')
Oct 27 11:18:52 we have error (' Invalid Department') in the time ('Oct 27 11:16:54 ')
Oct 27 11:18:52 we have error (' Invalid Department') in the time ('Oct 27 11:16:54 ')
Oct 27 11:56:15 connect with data base (db_login.db)

Oct 27 11:56:15 we create a new two tables Department & users & data_operations & error
Oct 27 11:56:15 we open the file login_op.log

Oct 27 11:56:15 we open the file login_op.log and we read it

Oct 27 11:56:15 we finised extract the important data and the Errors.

Oct 27 11:56:16 we have error (' Invalid Department') in the time ('Oct 27 11:16:11 ')
Oct 27 11:56:16 we have error (' Invalid Department') in the time ('Oct 27 11:16:18 ')
Oct 27 11:56:16 we have error (' Invalid Department') in the time ('Oct 27 11:16:54 ')
Oct 27 11:56:16 we have error (' Invalid Department') in the time ('Oct 27 11:16:54 ')
Oct 27 12:12:32 connect with data base (db_login.db)

Oct 27 12:12:32 we create a new two tables Department & users & data_operations & error
Oct 27 12:12:32 we open the file login_op.log

Oct 27 12:12:32 we open the file login_op.log and we read it

Oct 27 12:12:32 we finised extract the important data and the Errors.

Oct 27 12:12:33 we have error (' Invalid Department') in the time ('Oct 27 11:16:11 ')
Oct 27 12:12:33 we have error (' Invalid Department') in the time ('Oct 27 11:16:18 ')
Oct 27 12:12:33 we have error (' Invalid Department') in the time ('Oct 27 11:16:54 ')
Oct 27 12:12:33 we have error (' Invalid Department') in the time ('Oct 27 11:16:54 ')
Oct 27 12:57:41 connect with data base (db_login.db)

Oct 27 12:57:41 we create a new two tables Department & users & data_operations & error
Oct 27 12:57:41 we open the file login_op.log

Oct 27 12:57:41 we open the file login_op.log and we read it

Oct 27 12:57:41 we finised extract the important data and the Errors.

Oct 27 12:57:41 we have error (' Invalid Department') in the time ('Oct 27 11:16:11 ')
Oct 27 12:57:41 we have error (' Invalid Department') in the time ('Oct 27 11:16:18 ')
Oct 27 12:57:41 we have error (' Invalid Department') in the time ('Oct 27 11:16:54 ')
Oct 27 12:57:41 we have error (' Invalid Department') in the time ('Oct 27 11:16:54 ')
Oct 27 12:57:41 we have error (' Invalid Department') in the time ('Oct 27 12:57:29 ')
Oct 27 12:57:41 we have error (' Invalid Department') in the time ('Oct 27 12:57:29 ')
Oct 27 12:58:21 connect with data base (db_login.db)

Oct 27 12:58:21 we create a new two tables Department & users & data_operations & error
Oct 27 12:58:21 we open the file login_op.log

Oct 27 12:58:21 we open the file login_op.log and we read it

Oct 27 12:58:21 we finised extract the important data and the Errors.

Oct 27 12:58:22 we have error (' Invalid Department') in the time ('Oct 27 11:16:11 ')
Oct 27 12:58:22 we have error (' Invalid Department') in the time ('Oct 27 11:16:18 ')
Oct 27 12:58:22 we have error (' Invalid Department') in the time ('Oct 27 11:16:54 ')
Oct 27 12:58:22 we have error (' Invalid Department') in the time ('Oct 27 11:16:54 ')
Oct 27 12:58:22 we have error (' Invalid Department') in the time ('Oct 27 12:57:29 ')
Oct 27 12:58:22 we have error (' Invalid Department') in the time ('Oct 27 12:57:29 ')
Oct 27 12:58:42 connect with data base (db_login.db)

Oct 27 12:58:42 we create a new two tables Department & users & data_operations & error
Oct 27 12:58:42 we open the file login_op.log

Oct 27 12:58:42 we open the file login_op.log and we read it

Oct 27 12:58:42 we finised extract the important data and the Errors.

Oct 27 12:58:42 we have error (' Invalid Department') in the time ('Oct 27 11:16:11 ')
Oct 27 12:58:42 we have error (' Invalid Department') in the time ('Oct 27 11:16:18 ')
Oct 27 12:58:42 we have error (' Invalid Department') in the time ('Oct 27 11:16:54 ')
Oct 27 12:58:42 we have error (' Invalid Department') in the time ('Oct 27 11:16:54 ')
Oct 27 12:58:42 we have error (' Invalid Department') in the time ('Oct 27 12:57:29 ')
Oct 27 12:58:42 we have error (' Invalid Department') in the time ('Oct 27 12:57:29 ')
Oct 27 12:59:31 connect with data base (db_login.db)

Oct 27 12:59:31 we create a new two tables Department & users & data_operations & error
Oct 27 12:59:31 we open the file login_op.log

Oct 27 12:59:31 we open the file login_op.log and we read it

Oct 27 12:59:31 we finised extract the important data and the Errors.

Oct 27 12:59:31 we have error (' Invalid Department') in the time ('Oct 27 11:16:11 ')
Oct 27 12:59:31 we have error (' Invalid Department') in the time ('Oct 27 11:16:18 ')
Oct 27 12:59:31 we have error (' Invalid Department') in the time ('Oct 27 11:16:54 ')
Oct 27 12:59:31 we have error (' Invalid Department') in the time ('Oct 27 11:16:54 ')
Oct 27 12:59:31 we have error (' Invalid Department') in the time ('Oct 27 12:57:29 ')
Oct 27 12:59:31 we have error (' Invalid Department') in the time ('Oct 27 12:57:29 ')
Oct 27 13:01:50 connect with data base (db_login.db)

Oct 27 13:01:50 we create a new two tables Department & users & data_operations & error
Oct 27 13:01:50 we open the file login_op.log

Oct 27 13:01:50 we open the file login_op.log and we read it

Oct 27 13:01:50 we finised extract the important data and the Errors.

Oct 27 13:01:51 we have error (' Invalid Department') in the time ('Oct 27 11:16:11 ')
Oct 27 13:01:51 we have error (' Invalid Department') in the time ('Oct 27 11:16:18 ')
Oct 27 13:01:51 we have error (' Invalid Department') in the time ('Oct 27 11:16:54 ')
Oct 27 13:01:51 we have error (' Invalid Department') in the time ('Oct 27 11:16:54 ')
Oct 27 13:01:51 we have error (' Invalid Department') in the time ('Oct 27 12:57:29 ')
Oct 27 13:01:51 we have error (' Invalid Department') in the time ('Oct 27 12:57:29 ')
Oct 27 13:27:37 connect with data base (db_login.db)

Oct 27 13:27:37 we create a new two tables Department & users & data_operations & error
Oct 27 13:27:37 we open the file login_op.log

Oct 27 13:27:37 we open the file login_op.log and we read it

Oct 27 13:27:37 we finised extract the important data and the Errors.

Oct 27 13:27:37 we have error (' Invalid Department') in the time ('Oct 27 11:16:11 ')
Oct 27 13:27:37 we have error (' Invalid Department') in the time ('Oct 27 11:16:18 ')
Oct 27 13:27:37 we have error (' Invalid Department') in the time ('Oct 27 11:16:54 ')
Oct 27 13:27:37 we have error (' Invalid Department') in the time ('Oct 27 11:16:54 ')
Oct 27 13:27:37 we have error (' Invalid Department') in the time ('Oct 27 12:57:29 ')
Oct 27 13:27:37 we have error (' Invalid Department') in the time ('Oct 27 12:57:29 ')
Oct 27 13:27:37 we have error (' Invalid Department') in the time ('Oct 27 13:06:09 ')
Oct 27 13:27:37 we have error (' Invalid Department') in the time ('Oct 27 13:06:09 ')
Oct 27 13:30:26 connect with data base (db_login.db)

Oct 27 13:30:26 we create a new two tables Department & users & data_operations & error
Oct 27 13:30:26 we open the file login_op.log

Oct 27 13:30:26 we open the file login_op.log and we read it

Oct 27 13:30:26 we finised extract the important data and the Errors.

Oct 27 13:30:26 we have error (' Invalid Department') in the time ('Oct 27 11:16:11 ')
Oct 27 13:30:26 we have error (' Invalid Department') in the time ('Oct 27 11:16:18 ')
Oct 27 13:30:26 we have error (' Invalid Department') in the time ('Oct 27 11:16:54 ')
Oct 27 13:30:26 we have error (' Invalid Department') in the time ('Oct 27 11:16:54 ')
Oct 27 13:30:26 we have error (' Invalid Department') in the time ('Oct 27 12:57:29 ')
Oct 27 13:30:26 we have error (' Invalid Department') in the time ('Oct 27 12:57:29 ')
Oct 27 13:30:26 we have error (' Invalid Department') in the time ('Oct 27 13:06:09 ')
Oct 27 13:30:26 we have error (' Invalid Department') in the time ('Oct 27 13:06:09 ')
Oct 27 13:32:25 connect with data base (db_login.db)

Oct 27 13:32:25 we create a new two tables Department & users & data_operations & error
Oct 27 13:32:25 we open the file login_op.log

Oct 27 13:32:25 we open the file login_op.log and we read it

Oct 27 13:32:25 we finised extract the important data and the Errors.

Oct 27 13:32:26 we have error (' Invalid Department') in the time ('Oct 27 11:16:11 ')
Oct 27 13:32:26 we have error (' Invalid Department') in the time ('Oct 27 11:16:18 ')
Oct 27 13:32:26 we have error (' Invalid Department') in the time ('Oct 27 11:16:54 ')
Oct 27 13:32:26 we have error (' Invalid Department') in the time ('Oct 27 11:16:54 ')
Oct 27 13:32:26 we have error (' Invalid Department') in the time ('Oct 27 12:57:29 ')
Oct 27 13:32:26 we have error (' Invalid Department') in the time ('Oct 27 12:57:29 ')
Oct 27 13:32:26 we have error (' Invalid Department') in the time ('Oct 27 13:06:09 ')
Oct 27 13:32:26 we have error (' Invalid Department') in the time ('Oct 27 13:06:09 ')
Oct 27 13:35:12 connect with data base (db_login.db)

Oct 27 13:35:12 we create a new two tables Department & users & data_operations & error
Oct 27 13:35:12 we open the file login_op.log

Oct 27 13:35:12 we open the file login_op.log and we read it

Oct 27 13:35:12 we finised extract the important data and the Errors.

Oct 27 13:35:13 we have error (' Invalid Department') in the time ('Oct 27 11:16:11 ')
Oct 27 13:35:13 we have error (' Invalid Department') in the time ('Oct 27 11:16:18 ')
Oct 27 13:35:13 we have error (' Invalid Department') in the time ('Oct 27 11:16:54 ')
Oct 27 13:35:13 we have error (' Invalid Department') in the time ('Oct 27 11:16:54 ')
Oct 27 13:35:13 we have error (' Invalid Department') in the time ('Oct 27 12:57:29 ')
Oct 27 13:35:13 we have error (' Invalid Department') in the time ('Oct 27 12:57:29 ')
Oct 27 13:35:13 we have error (' Invalid Department') in the time ('Oct 27 13:06:09 ')
Oct 27 13:35:13 we have error (' Invalid Department') in the time ('Oct 27 13:06:09 ')
Oct 27 13:35:13 we have error (' Invalid user/password') in the time ('Oct 27 11:16:15 ')
Oct 27 13:35:13 we have error (' Invalid user/password') in the time ('Oct 27 11:16:54 ')
Oct 27 13:35:13 we have error (' Invalid user/password') in the time ('Oct 27 11:16:15 ')
Oct 27 13:35:13 we have error (' Invalid user/password') in the time ('Oct 27 11:16:38 ')
Oct 27 13:35:13 we have error (' Invalid user/password') in the time ('Oct 27 11:16:54 ')
Oct 27 13:35:13 we have error (' Invalid user/password') in the time ('Oct 27 13:05:53 ')
